<?xml version="1.0" encoding="UTF-8"?>
<testng-results ignored="0" total="1" passed="1" failed="0" skipped="0">
  <reporter-output>
  </reporter-output>
  <suite started-at="2023-12-21T15:41:48 IST" name="Surefire suite" finished-at="2023-12-21T15:41:48 IST" duration-ms="40">
    <groups>
    </groups>
    <test started-at="2023-12-21T15:41:48 IST" name="Surefire test" finished-at="2023-12-21T15:41:48 IST" duration-ms="40">
      <class name="shruthi_helloworld.TestHelloWorld">
        <test-method signature="testHelloWorld()[pri:0, instance:shruthi_helloworld.TestHelloWorld@8e0379d]" started-at="2023-12-21T15:41:48 IST" name="testHelloWorld" finished-at="2023-12-21T15:41:48 IST" duration-ms="4" status="PASS">
          <reporter-output>
          </reporter-output>
        </test-method> <!-- testHelloWorld -->
      </class> <!-- shruthi_helloworld.TestHelloWorld -->
    </test> <!-- Surefire test -->
  </suite> <!-- Surefire suite -->
</testng-results>
